# JRE version: Java(TM) SE Runtime Environment (18.0.2.1+1) (build 18.0.2.1+1-1)
# Java VM: Java HotSpot(TM) 64-Bit Server VM (18.0.2.1+1-1, mixed mode, sharing, tiered, compressed oops, compressed class ptrs, g1 gc, windows-amd64)
GC Precious Log:
 CardTable entry size: 512
 Card Set container configuration: InlinePtr #cards 5 size 8 Array Of Cards #cards 12 size 40 Howl #buckets 4 coarsen threshold 1843 Howl Bitmap #cards 512 size 80 coarsen threshold 460 Card regions per heap region 1 cards per card region 2048
 CPUs: 12 total, 12 available
 Memory: 7514M
 Large Page Support: Disabled
 NUMA Support: Disabled
 Compressed Oops: Enabled (32-bit)
 Heap Region Size: 1M
 Heap Min Capacity: 8M
 Heap Initial Capacity: 118M
 Heap Max Capacity: 2G
 Pre-touch: Disabled
 Parallel Workers: 10
 Concurrent Workers: 3
 Concurrent Refinement Workers: 10
 Periodic GC: Disabled
Heap:
 garbage-first heap   total 284672K, used 239372K [0x0000000080000000, 0x0000000100000000)
  region size 1024K, 2 young (2048K), 2 survivors (2048K)
 Metaspace       used 108776K, committed 111232K, reserved 552960K
  class space    used 14573K, committed 15744K, reserved 421888K
GC Heap History (20 events):
Event: 89.119 GC heap after
{Heap after GC invocations=50 (full 0):
 garbage-first heap   total 284672K, used 216862K [0x0000000080000000, 0x0000000100000000)
  region size 1024K, 5 young (5120K), 5 survivors (5120K)
 Metaspace       used 108521K, committed 110976K, reserved 552960K
  class space    used 14565K, committed 15744K, reserved 421888K
}
Event: 90.003 GC heap before
{Heap before GC invocations=50 (full 0):
 garbage-first heap   total 284672K, used 245534K [0x0000000080000000, 0x0000000100000000)
  region size 1024K, 33 young (33792K), 5 survivors (5120K)
 Metaspace       used 108523K, committed 110976K, reserved 552960K
  class space    used 14565K, committed 15744K, reserved 421888K
}
Event: 90.012 GC heap after
{Heap after GC invocations=51 (full 0):
 garbage-first heap   total 284672K, used 221472K [0x0000000080000000, 0x0000000100000000)
  region size 1024K, 5 young (5120K), 5 survivors (5120K)
 Metaspace       used 108523K, committed 110976K, reserved 552960K
  class space    used 14565K, committed 15744K, reserved 421888K
}
Event: 90.904 GC heap before
{Heap before GC invocations=51 (full 0):
 garbage-first heap   total 284672K, used 246048K [0x0000000080000000, 0x0000000100000000)
  region size 1024K, 29 young (29696K), 5 survivors (5120K)
 Metaspace       used 108523K, committed 110976K, reserved 552960K
  class space    used 14565K, committed 15744K, reserved 421888K
}
Event: 90.913 GC heap after
{Heap after GC invocations=52 (full 0):
 garbage-first heap   total 284672K, used 224625K [0x0000000080000000, 0x0000000100000000)
  region size 1024K, 4 young (4096K), 4 survivors (4096K)
 Metaspace       used 108523K, committed 110976K, reserved 552960K
  class space    used 14565K, committed 15744K, reserved 421888K
}
Event: 91.538 GC heap before
{Heap before GC invocations=52 (full 0):
 garbage-first heap   total 284672K, used 246129K [0x0000000080000000, 0x0000000100000000)
  region size 1024K, 25 young (25600K), 4 survivors (4096K)
 Metaspace       used 108547K, committed 110976K, reserved 552960K
  class space    used 14566K, committed 15744K, reserved 421888K
}
Event: 91.546 GC heap after
{Heap after GC invocations=53 (full 0):
 garbage-first heap   total 284672K, used 228943K [0x0000000080000000, 0x0000000100000000)
  region size 1024K, 4 young (4096K), 4 survivors (4096K)
 Metaspace       used 108547K, committed 110976K, reserved 552960K
  class space    used 14566K, committed 15744K, reserved 421888K
}
Event: 92.223 GC heap before
{Heap before GC invocations=53 (full 0):
 garbage-first heap   total 284672K, used 246351K [0x0000000080000000, 0x0000000100000000)
  region size 1024K, 22 young (22528K), 4 survivors (4096K)
 Metaspace       used 108672K, committed 111104K, reserved 552960K
  class space    used 14572K, committed 15744K, reserved 421888K
}
Event: 92.232 GC heap after
{Heap after GC invocations=54 (full 0):
 garbage-first heap   total 284672K, used 234155K [0x0000000080000000, 0x0000000100000000)
  region size 1024K, 3 young (3072K), 3 survivors (3072K)
 Metaspace       used 108672K, committed 111104K, reserved 552960K
  class space    used 14572K, committed 15744K, reserved 421888K
}
Event: 92.401 GC heap before
{Heap before GC invocations=54 (full 0):
 garbage-first heap   total 284672K, used 247467K [0x0000000080000000, 0x0000000100000000)
  region size 1024K, 16 young (16384K), 3 survivors (3072K)
 Metaspace       used 108674K, committed 111104K, reserved 552960K
  class space    used 14572K, committed 15744K, reserved 421888K
}
Event: 92.406 GC heap after
{Heap after GC invocations=55 (full 0):
 garbage-first heap   total 284672K, used 235378K [0x0000000080000000, 0x0000000100000000)
  region size 1024K, 1 young (1024K), 1 survivors (1024K)
 Metaspace       used 108674K, committed 111104K, reserved 552960K
  class space    used 14572K, committed 15744K, reserved 421888K
}
Event: 92.603 GC heap before
{Heap before GC invocations=55 (full 0):
 garbage-first heap   total 284672K, used 247666K [0x0000000080000000, 0x0000000100000000)
  region size 1024K, 14 young (14336K), 1 survivors (1024K)
 Metaspace       used 108682K, committed 111168K, reserved 552960K
  class space    used 14573K, committed 15744K, reserved 421888K
}
Event: 92.607 GC heap after
{Heap after GC invocations=56 (full 0):
 garbage-first heap   total 284672K, used 236308K [0x0000000080000000, 0x0000000100000000)
  region size 1024K, 2 young (2048K), 2 survivors (2048K)
 Metaspace       used 108682K, committed 111168K, reserved 552960K
  class space    used 14573K, committed 15744K, reserved 421888K
}
Event: 92.724 GC heap before
{Heap before GC invocations=56 (full 0):
 garbage-first heap   total 284672K, used 248596K [0x0000000080000000, 0x0000000100000000)
  region size 1024K, 15 young (15360K), 2 survivors (2048K)
 Metaspace       used 108715K, committed 111168K, reserved 552960K
  class space    used 14573K, committed 15744K, reserved 421888K
}
Event: 92.727 GC heap after
{Heap after GC invocations=57 (full 0):
 garbage-first heap   total 284672K, used 237143K [0x0000000080000000, 0x0000000100000000)
  region size 1024K, 1 young (1024K), 1 survivors (1024K)
 Metaspace       used 108715K, committed 111168K, reserved 552960K
  class space    used 14573K, committed 15744K, reserved 421888K
}
Event: 92.821 GC heap before
{Heap before GC invocations=57 (full 0):
 garbage-first heap   total 284672K, used 249431K [0x0000000080000000, 0x0000000100000000)
  region size 1024K, 14 young (14336K), 1 survivors (1024K)
 Metaspace       used 108766K, committed 111232K, reserved 552960K
  class space    used 14573K, committed 15744K, reserved 421888K
}
Event: 92.824 GC heap after
{Heap after GC invocations=58 (full 0):
 garbage-first heap   total 284672K, used 237807K [0x0000000080000000, 0x0000000100000000)
  region size 1024K, 2 young (2048K), 2 survivors (2048K)
 Metaspace       used 108766K, committed 111232K, reserved 552960K
  class space    used 14573K, committed 15744K, reserved 421888K
}
Event: 92.928 GC heap before
{Heap before GC invocations=58 (full 0):
 garbage-first heap   total 284672K, used 250095K [0x0000000080000000, 0x0000000100000000)
  region size 1024K, 14 young (14336K), 2 survivors (2048K)
 Metaspace       used 108771K, committed 111232K, reserved 552960K
  class space    used 14573K, committed 15744K, reserved 421888K
}
Event: 92.931 GC heap after
{Heap after GC invocations=59 (full 0):
 garbage-first heap   total 284672K, used 238679K [0x0000000080000000, 0x0000000100000000)
  region size 1024K, 2 young (2048K), 2 survivors (2048K)
 Metaspace       used 108771K, committed 111232K, reserved 552960K
  class space    used 14573K, committed 15744K, reserved 421888K
}
Event: 93.045 GC heap before
{Heap before GC invocations=59 (full 0):
 garbage-first heap   total 284672K, used 249943K [0x0000000080000000, 0x0000000100000000)
  region size 1024K, 14 young (14336K), 2 survivors (2048K)
 Metaspace       used 108776K, committed 111232K, reserved 552960K
  class space    used 14573K, committed 15744K, reserved 421888K
}

